{"/Users/nwyzx/Desktop/project/frontend/video-editor/src/components/ContextMenu.tsx": {"path":"/Users/nwyzx/Desktop/project/frontend/video-editor/src/components/ContextMenu.tsx","statementMap":{"0":{"start":{"line":11,"column":2},"end":{"line":75,"column":null}},"1":{"start":{"line":15,"column":22},"end":{"line":15,"column":null}},"2":{"start":{"line":16,"column":28},"end":{"line":16,"column":null}},"3":{"start":{"line":23,"column":14},"end":{"line":23,"column":null}},"4":{"start":{"line":24,"column":14},"end":{"line":24,"column":null}},"5":{"start":{"line":35,"column":14},"end":{"line":35,"column":null}},"6":{"start":{"line":36,"column":14},"end":{"line":36,"column":null}},"7":{"start":{"line":51,"column":14},"end":{"line":51,"column":null}},"8":{"start":{"line":52,"column":14},"end":{"line":52,"column":null}},"9":{"start":{"line":63,"column":14},"end":{"line":63,"column":null}},"10":{"start":{"line":64,"column":14},"end":{"line":64,"column":null}}},"fnMap":{"0":{"name":"ContextMenu","decl":{"start":{"line":10,"column":24},"end":{"line":10,"column":36}},"loc":{"start":{"line":10,"column":91},"end":{"line":77,"column":null}},"line":10},"1":{"name":"(anonymous_1)","decl":{"start":{"line":15,"column":15},"end":{"line":15,"column":16}},"loc":{"start":{"line":15,"column":22},"end":{"line":15,"column":null}},"line":15},"2":{"name":"(anonymous_2)","decl":{"start":{"line":16,"column":21},"end":{"line":16,"column":22}},"loc":{"start":{"line":16,"column":28},"end":{"line":16,"column":null}},"line":16},"3":{"name":"(anonymous_3)","decl":{"start":{"line":22,"column":21},"end":{"line":22,"column":22}},"loc":{"start":{"line":22,"column":28},"end":{"line":25,"column":null}},"line":22},"4":{"name":"(anonymous_4)","decl":{"start":{"line":34,"column":21},"end":{"line":34,"column":22}},"loc":{"start":{"line":34,"column":28},"end":{"line":37,"column":null}},"line":34},"5":{"name":"(anonymous_5)","decl":{"start":{"line":50,"column":21},"end":{"line":50,"column":22}},"loc":{"start":{"line":50,"column":28},"end":{"line":53,"column":null}},"line":50},"6":{"name":"(anonymous_6)","decl":{"start":{"line":62,"column":21},"end":{"line":62,"column":22}},"loc":{"start":{"line":62,"column":28},"end":{"line":65,"column":null}},"line":62}},"branchMap":{"0":{"loc":{"start":{"line":18,"column":7},"end":{"line":73,"column":null}},"type":"cond-expr","locations":[{"start":{"line":20,"column":8},"end":{"line":45,"column":null}},{"start":{"line":48,"column":8},"end":{"line":73,"column":null}}],"line":18}},"s":{"0":36,"1":1,"2":1,"3":1,"4":1,"5":2,"6":2,"7":17,"8":17,"9":1,"10":1},"f":{"0":36,"1":1,"2":1,"3":1,"4":2,"5":17,"6":1},"b":{"0":[7,29]},"meta":{"lastBranch":1,"lastFunction":7,"lastStatement":11,"seen":{"f:10:24:10:36":0,"s:11:2:75:Infinity":0,"f:15:15:15:16":1,"s:15:22:15:Infinity":1,"f:16:21:16:22":2,"s:16:28:16:Infinity":2,"b:20:8:45:Infinity:48:8:73:Infinity":0,"f:22:21:22:22":3,"s:23:14:23:Infinity":3,"s:24:14:24:Infinity":4,"f:34:21:34:22":4,"s:35:14:35:Infinity":5,"s:36:14:36:Infinity":6,"f:50:21:50:22":5,"s:51:14:51:Infinity":7,"s:52:14:52:Infinity":8,"f:62:21:62:22":6,"s:63:14:63:Infinity":9,"s:64:14:64:Infinity":10}}}
,"/Users/nwyzx/Desktop/project/frontend/video-editor/src/components/MediaLibrary.tsx": {"path":"/Users/nwyzx/Desktop/project/frontend/video-editor/src/components/MediaLibrary.tsx","statementMap":{"0":{"start":{"line":18,"column":34},"end":{"line":18,"column":null}},"1":{"start":{"line":19,"column":40},"end":{"line":19,"column":null}},"2":{"start":{"line":20,"column":34},"end":{"line":20,"column":null}},"3":{"start":{"line":21,"column":34},"end":{"line":21,"column":null}},"4":{"start":{"line":22,"column":32},"end":{"line":22,"column":null}},"5":{"start":{"line":23,"column":36},"end":{"line":23,"column":null}},"6":{"start":{"line":24,"column":38},"end":{"line":24,"column":null}},"7":{"start":{"line":25,"column":8},"end":{"line":25,"column":null}},"8":{"start":{"line":27,"column":15},"end":{"line":32,"column":null}},"9":{"start":{"line":35,"column":26},"end":{"line":40,"column":null}},"10":{"start":{"line":36,"column":4},"end":{"line":36,"column":null}},"11":{"start":{"line":36,"column":24},"end":{"line":36,"column":null}},"12":{"start":{"line":38,"column":10},"end":{"line":38,"column":null}},"13":{"start":{"line":39,"column":4},"end":{"line":39,"column":null}},"14":{"start":{"line":42,"column":25},"end":{"line":69,"column":null}},"15":{"start":{"line":43,"column":4},"end":{"line":68,"column":null}},"16":{"start":{"line":44,"column":23},"end":{"line":52,"column":null}},"17":{"start":{"line":54,"column":6},"end":{"line":65,"column":null}},"18":{"start":{"line":55,"column":22},"end":{"line":55,"column":null}},"19":{"start":{"line":56,"column":38},"end":{"line":62,"column":null}},"20":{"start":{"line":56,"column":63},"end":{"line":62,"column":10}},"21":{"start":{"line":64,"column":8},"end":{"line":64,"column":null}},"22":{"start":{"line":64,"column":22},"end":{"line":64,"column":77}},"23":{"start":{"line":67,"column":6},"end":{"line":67,"column":null}},"24":{"start":{"line":71,"column":29},"end":{"line":81,"column":null}},"25":{"start":{"line":72,"column":22},"end":{"line":72,"column":null}},"26":{"start":{"line":73,"column":23},"end":{"line":73,"column":null}},"27":{"start":{"line":74,"column":35},"end":{"line":79,"column":null}},"28":{"start":{"line":80,"column":4},"end":{"line":80,"column":null}},"29":{"start":{"line":80,"column":18},"end":{"line":80,"column":76}},"30":{"start":{"line":83,"column":27},"end":{"line":86,"column":null}},"31":{"start":{"line":84,"column":4},"end":{"line":84,"column":null}},"32":{"start":{"line":85,"column":4},"end":{"line":85,"column":null}},"33":{"start":{"line":85,"column":26},"end":{"line":85,"column":47}},"34":{"start":{"line":88,"column":23},"end":{"line":111,"column":null}},"35":{"start":{"line":89,"column":4},"end":{"line":89,"column":null}},"36":{"start":{"line":89,"column":33},"end":{"line":89,"column":null}},"37":{"start":{"line":91,"column":20},"end":{"line":91,"column":null}},"38":{"start":{"line":92,"column":4},"end":{"line":92,"column":null}},"39":{"start":{"line":93,"column":4},"end":{"line":93,"column":null}},"40":{"start":{"line":95,"column":4},"end":{"line":110,"column":null}},"41":{"start":{"line":96,"column":6},"end":{"line":96,"column":null}},"42":{"start":{"line":99,"column":18},"end":{"line":99,"column":null}},"43":{"start":{"line":100,"column":36},"end":{"line":100,"column":null}},"44":{"start":{"line":102,"column":6},"end":{"line":108,"column":null}},"45":{"start":{"line":103,"column":23},"end":{"line":103,"column":null}},"46":{"start":{"line":103,"column":42},"end":{"line":103,"column":90}},"47":{"start":{"line":104,"column":8},"end":{"line":107,"column":null}},"48":{"start":{"line":105,"column":10},"end":{"line":105,"column":null}},"49":{"start":{"line":106,"column":10},"end":{"line":106,"column":null}},"50":{"start":{"line":109,"column":6},"end":{"line":109,"column":null}},"51":{"start":{"line":113,"column":25},"end":{"line":117,"column":null}},"52":{"start":{"line":114,"column":4},"end":{"line":114,"column":null}},"53":{"start":{"line":115,"column":4},"end":{"line":115,"column":null}},"54":{"start":{"line":116,"column":4},"end":{"line":116,"column":null}},"55":{"start":{"line":119,"column":26},"end":{"line":123,"column":null}},"56":{"start":{"line":120,"column":4},"end":{"line":120,"column":null}},"57":{"start":{"line":121,"column":4},"end":{"line":121,"column":null}},"58":{"start":{"line":122,"column":4},"end":{"line":122,"column":null}},"59":{"start":{"line":125,"column":21},"end":{"line":130,"column":null}},"60":{"start":{"line":126,"column":4},"end":{"line":126,"column":null}},"61":{"start":{"line":127,"column":4},"end":{"line":127,"column":null}},"62":{"start":{"line":128,"column":4},"end":{"line":128,"column":null}},"63":{"start":{"line":132,"column":28},"end":{"line":153,"column":null}},"64":{"start":{"line":133,"column":4},"end":{"line":133,"column":null}},"65":{"start":{"line":134,"column":4},"end":{"line":134,"column":null}},"66":{"start":{"line":137,"column":22},"end":{"line":137,"column":null}},"67":{"start":{"line":138,"column":23},"end":{"line":138,"column":null}},"68":{"start":{"line":141,"column":12},"end":{"line":141,"column":null}},"69":{"start":{"line":142,"column":12},"end":{"line":142,"column":null}},"70":{"start":{"line":144,"column":4},"end":{"line":146,"column":null}},"71":{"start":{"line":145,"column":6},"end":{"line":145,"column":null}},"72":{"start":{"line":148,"column":4},"end":{"line":150,"column":null}},"73":{"start":{"line":149,"column":6},"end":{"line":149,"column":null}},"74":{"start":{"line":152,"column":4},"end":{"line":152,"column":null}},"75":{"start":{"line":155,"column":33},"end":{"line":157,"column":null}},"76":{"start":{"line":156,"column":4},"end":{"line":156,"column":null}},"77":{"start":{"line":160,"column":2},"end":{"line":178,"column":null}},"78":{"start":{"line":161,"column":4},"end":{"line":161,"column":null}},"79":{"start":{"line":161,"column":22},"end":{"line":161,"column":null}},"80":{"start":{"line":163,"column":31},"end":{"line":165,"column":null}},"81":{"start":{"line":164,"column":6},"end":{"line":164,"column":null}},"82":{"start":{"line":168,"column":18},"end":{"line":171,"column":null}},"83":{"start":{"line":169,"column":6},"end":{"line":169,"column":null}},"84":{"start":{"line":170,"column":6},"end":{"line":170,"column":null}},"85":{"start":{"line":173,"column":4},"end":{"line":177,"column":null}},"86":{"start":{"line":174,"column":6},"end":{"line":174,"column":null}},"87":{"start":{"line":175,"column":6},"end":{"line":175,"column":null}},"88":{"start":{"line":176,"column":6},"end":{"line":176,"column":null}},"89":{"start":{"line":180,"column":34},"end":{"line":191,"column":null}},"90":{"start":{"line":181,"column":4},"end":{"line":189,"column":null}},"91":{"start":{"line":182,"column":6},"end":{"line":182,"column":null}},"92":{"start":{"line":183,"column":4},"end":{"line":189,"column":null}},"93":{"start":{"line":184,"column":6},"end":{"line":184,"column":null}},"94":{"start":{"line":185,"column":4},"end":{"line":189,"column":null}},"95":{"start":{"line":186,"column":6},"end":{"line":186,"column":null}},"96":{"start":{"line":187,"column":4},"end":{"line":189,"column":null}},"97":{"start":{"line":188,"column":6},"end":{"line":188,"column":null}},"98":{"start":{"line":190,"column":4},"end":{"line":190,"column":null}},"99":{"start":{"line":193,"column":27},"end":{"line":211,"column":null}},"100":{"start":{"line":194,"column":27},"end":{"line":207,"column":null}},"101":{"start":{"line":195,"column":6},"end":{"line":206,"column":null}},"102":{"start":{"line":196,"column":8},"end":{"line":198,"column":null}},"103":{"start":{"line":197,"column":10},"end":{"line":197,"column":null}},"104":{"start":{"line":199,"column":8},"end":{"line":204,"column":null}},"105":{"start":{"line":200,"column":10},"end":{"line":203,"column":null}},"106":{"start":{"line":205,"column":8},"end":{"line":205,"column":null}},"107":{"start":{"line":209,"column":4},"end":{"line":209,"column":null}},"108":{"start":{"line":209,"column":26},"end":{"line":209,"column":46}},"109":{"start":{"line":210,"column":4},"end":{"line":210,"column":null}},"110":{"start":{"line":213,"column":27},"end":{"line":215,"column":null}},"111":{"start":{"line":214,"column":4},"end":{"line":214,"column":null}},"112":{"start":{"line":214,"column":18},"end":{"line":214,"column":56}},"113":{"start":{"line":217,"column":2},"end":{"line":411,"column":null}},"114":{"start":{"line":221,"column":10},"end":{"line":234,"column":null}},"115":{"start":{"line":223,"column":27},"end":{"line":223,"column":null}},"116":{"start":{"line":266,"column":20},"end":{"line":266,"column":null}},"117":{"start":{"line":267,"column":20},"end":{"line":267,"column":null}},"118":{"start":{"line":274,"column":18},"end":{"line":277,"column":null}},"119":{"start":{"line":303,"column":16},"end":{"line":363,"column":null}},"120":{"start":{"line":307,"column":43},"end":{"line":307,"column":null}},"121":{"start":{"line":308,"column":44},"end":{"line":308,"column":null}},"122":{"start":{"line":317,"column":39},"end":{"line":317,"column":null}},"123":{"start":{"line":330,"column":24},"end":{"line":330,"column":null}},"124":{"start":{"line":354,"column":39},"end":{"line":354,"column":null}},"125":{"start":{"line":407,"column":34},"end":{"line":407,"column":null}},"126":{"start":{"line":408,"column":26},"end":{"line":408,"column":null}}},"fnMap":{"0":{"name":"MediaLibrary","decl":{"start":{"line":17,"column":24},"end":{"line":17,"column":39}},"loc":{"start":{"line":17,"column":39},"end":{"line":413,"column":null}},"line":17},"1":{"name":"(anonymous_1)","decl":{"start":{"line":35,"column":26},"end":{"line":35,"column":45}},"loc":{"start":{"line":35,"column":45},"end":{"line":40,"column":null}},"line":35},"2":{"name":"(anonymous_2)","decl":{"start":{"line":42,"column":25},"end":{"line":42,"column":37}},"loc":{"start":{"line":42,"column":37},"end":{"line":69,"column":null}},"line":42},"3":{"name":"(anonymous_3)","decl":{"start":{"line":56,"column":48},"end":{"line":56,"column":49}},"loc":{"start":{"line":56,"column":63},"end":{"line":62,"column":10}},"line":56},"4":{"name":"(anonymous_4)","decl":{"start":{"line":64,"column":22},"end":{"line":64,"column":30}},"loc":{"start":{"line":64,"column":22},"end":{"line":64,"column":77}},"line":64},"5":{"name":"(anonymous_5)","decl":{"start":{"line":71,"column":29},"end":{"line":71,"column":35}},"loc":{"start":{"line":71,"column":35},"end":{"line":81,"column":null}},"line":71},"6":{"name":"(anonymous_6)","decl":{"start":{"line":80,"column":18},"end":{"line":80,"column":26}},"loc":{"start":{"line":80,"column":18},"end":{"line":80,"column":76}},"line":80},"7":{"name":"(anonymous_7)","decl":{"start":{"line":83,"column":27},"end":{"line":83,"column":28}},"loc":{"start":{"line":83,"column":69},"end":{"line":86,"column":null}},"line":83},"8":{"name":"(anonymous_8)","decl":{"start":{"line":85,"column":18},"end":{"line":85,"column":26}},"loc":{"start":{"line":85,"column":26},"end":{"line":85,"column":47}},"line":85},"9":{"name":"(anonymous_9)","decl":{"start":{"line":88,"column":23},"end":{"line":88,"column":29}},"loc":{"start":{"line":88,"column":29},"end":{"line":111,"column":null}},"line":88},"10":{"name":"(anonymous_10)","decl":{"start":{"line":103,"column":34},"end":{"line":103,"column":42}},"loc":{"start":{"line":103,"column":42},"end":{"line":103,"column":90}},"line":103},"11":{"name":"(anonymous_11)","decl":{"start":{"line":113,"column":25},"end":{"line":113,"column":26}},"loc":{"start":{"line":113,"column":49},"end":{"line":117,"column":null}},"line":113},"12":{"name":"(anonymous_12)","decl":{"start":{"line":119,"column":26},"end":{"line":119,"column":27}},"loc":{"start":{"line":119,"column":50},"end":{"line":123,"column":null}},"line":119},"13":{"name":"(anonymous_13)","decl":{"start":{"line":125,"column":21},"end":{"line":125,"column":22}},"loc":{"start":{"line":125,"column":45},"end":{"line":130,"column":null}},"line":125},"14":{"name":"(anonymous_14)","decl":{"start":{"line":132,"column":28},"end":{"line":132,"column":29}},"loc":{"start":{"line":132,"column":89},"end":{"line":153,"column":null}},"line":132},"15":{"name":"(anonymous_15)","decl":{"start":{"line":155,"column":33},"end":{"line":155,"column":39}},"loc":{"start":{"line":155,"column":39},"end":{"line":157,"column":null}},"line":155},"16":{"name":"(anonymous_16)","decl":{"start":{"line":160,"column":12},"end":{"line":160,"column":18}},"loc":{"start":{"line":160,"column":18},"end":{"line":178,"column":5}},"line":160},"17":{"name":"(anonymous_17)","decl":{"start":{"line":163,"column":31},"end":{"line":163,"column":32}},"loc":{"start":{"line":163,"column":50},"end":{"line":165,"column":null}},"line":163},"18":{"name":"(anonymous_18)","decl":{"start":{"line":168,"column":29},"end":{"line":168,"column":35}},"loc":{"start":{"line":168,"column":35},"end":{"line":171,"column":7}},"line":168},"19":{"name":"(anonymous_19)","decl":{"start":{"line":173,"column":11},"end":{"line":173,"column":17}},"loc":{"start":{"line":173,"column":17},"end":{"line":177,"column":null}},"line":173},"20":{"name":"(anonymous_20)","decl":{"start":{"line":180,"column":34},"end":{"line":180,"column":35}},"loc":{"start":{"line":180,"column":54},"end":{"line":191,"column":null}},"line":180},"21":{"name":"(anonymous_21)","decl":{"start":{"line":193,"column":27},"end":{"line":193,"column":28}},"loc":{"start":{"line":193,"column":64},"end":{"line":211,"column":null}},"line":193},"22":{"name":"(anonymous_22)","decl":{"start":{"line":194,"column":27},"end":{"line":194,"column":28}},"loc":{"start":{"line":194,"column":64},"end":{"line":207,"column":null}},"line":194},"23":{"name":"(anonymous_23)","decl":{"start":{"line":195,"column":23},"end":{"line":195,"column":31}},"loc":{"start":{"line":195,"column":31},"end":{"line":206,"column":7}},"line":195},"24":{"name":"(anonymous_24)","decl":{"start":{"line":209,"column":18},"end":{"line":209,"column":26}},"loc":{"start":{"line":209,"column":26},"end":{"line":209,"column":46}},"line":209},"25":{"name":"(anonymous_25)","decl":{"start":{"line":213,"column":27},"end":{"line":213,"column":28}},"loc":{"start":{"line":213,"column":43},"end":{"line":215,"column":null}},"line":213},"26":{"name":"(anonymous_26)","decl":{"start":{"line":214,"column":18},"end":{"line":214,"column":26}},"loc":{"start":{"line":214,"column":18},"end":{"line":214,"column":56}},"line":214},"27":{"name":"(anonymous_27)","decl":{"start":{"line":220,"column":18},"end":{"line":220,"column":19}},"loc":{"start":{"line":221,"column":10},"end":{"line":234,"column":null}},"line":221},"28":{"name":"(anonymous_28)","decl":{"start":{"line":223,"column":21},"end":{"line":223,"column":27}},"loc":{"start":{"line":223,"column":27},"end":{"line":223,"column":null}},"line":223},"29":{"name":"(anonymous_29)","decl":{"start":{"line":265,"column":27},"end":{"line":265,"column":33}},"loc":{"start":{"line":265,"column":33},"end":{"line":268,"column":null}},"line":265},"30":{"name":"(anonymous_30)","decl":{"start":{"line":273,"column":32},"end":{"line":273,"column":33}},"loc":{"start":{"line":274,"column":18},"end":{"line":277,"column":null}},"line":274},"31":{"name":"(anonymous_31)","decl":{"start":{"line":302,"column":37},"end":{"line":302,"column":38}},"loc":{"start":{"line":303,"column":16},"end":{"line":363,"column":null}},"line":303},"32":{"name":"(anonymous_32)","decl":{"start":{"line":307,"column":37},"end":{"line":307,"column":43}},"loc":{"start":{"line":307,"column":43},"end":{"line":307,"column":null}},"line":307},"33":{"name":"(anonymous_33)","decl":{"start":{"line":308,"column":37},"end":{"line":308,"column":38}},"loc":{"start":{"line":308,"column":44},"end":{"line":308,"column":null}},"line":308},"34":{"name":"(anonymous_34)","decl":{"start":{"line":317,"column":33},"end":{"line":317,"column":39}},"loc":{"start":{"line":317,"column":39},"end":{"line":317,"column":null}},"line":317},"35":{"name":"(anonymous_35)","decl":{"start":{"line":329,"column":35},"end":{"line":329,"column":36}},"loc":{"start":{"line":329,"column":42},"end":{"line":331,"column":null}},"line":329},"36":{"name":"(anonymous_36)","decl":{"start":{"line":354,"column":33},"end":{"line":354,"column":39}},"loc":{"start":{"line":354,"column":39},"end":{"line":354,"column":null}},"line":354},"37":{"name":"(anonymous_37)","decl":{"start":{"line":407,"column":21},"end":{"line":407,"column":22}},"loc":{"start":{"line":407,"column":34},"end":{"line":407,"column":null}},"line":407},"38":{"name":"(anonymous_38)","decl":{"start":{"line":408,"column":20},"end":{"line":408,"column":26}},"loc":{"start":{"line":408,"column":26},"end":{"line":408,"column":null}},"line":408}},"branchMap":{"0":{"loc":{"start":{"line":36,"column":4},"end":{"line":36,"column":null}},"type":"if","locations":[{"start":{"line":36,"column":4},"end":{"line":36,"column":null}},{"start":{},"end":{}}],"line":36},"1":{"loc":{"start":{"line":39,"column":11},"end":{"line":39,"column":null}},"type":"cond-expr","locations":[{"start":{"line":39,"column":20},"end":{"line":39,"column":38}},{"start":{"line":39,"column":38},"end":{"line":39,"column":null}}],"line":39},"2":{"loc":{"start":{"line":54,"column":6},"end":{"line":65,"column":null}},"type":"if","locations":[{"start":{"line":54,"column":6},"end":{"line":65,"column":null}},{"start":{},"end":{}}],"line":54},"3":{"loc":{"start":{"line":55,"column":22},"end":{"line":55,"column":null}},"type":"cond-expr","locations":[{"start":{"line":55,"column":48},"end":{"line":55,"column":59}},{"start":{"line":55,"column":59},"end":{"line":55,"column":null}}],"line":55},"4":{"loc":{"start":{"line":89,"column":4},"end":{"line":89,"column":null}},"type":"if","locations":[{"start":{"line":89,"column":4},"end":{"line":89,"column":null}},{"start":{},"end":{}}],"line":89},"5":{"loc":{"start":{"line":95,"column":4},"end":{"line":110,"column":null}},"type":"if","locations":[{"start":{"line":95,"column":4},"end":{"line":110,"column":null}},{"start":{"line":97,"column":11},"end":{"line":110,"column":null}}],"line":95},"6":{"loc":{"start":{"line":103,"column":42},"end":{"line":103,"column":90}},"type":"binary-expr","locations":[{"start":{"line":103,"column":42},"end":{"line":103,"column":68}},{"start":{"line":103,"column":68},"end":{"line":103,"column":90}}],"line":103},"7":{"loc":{"start":{"line":104,"column":8},"end":{"line":107,"column":null}},"type":"if","locations":[{"start":{"line":104,"column":8},"end":{"line":107,"column":null}},{"start":{},"end":{}}],"line":104},"8":{"loc":{"start":{"line":138,"column":23},"end":{"line":138,"column":null}},"type":"cond-expr","locations":[{"start":{"line":138,"column":32},"end":{"line":138,"column":38}},{"start":{"line":138,"column":38},"end":{"line":138,"column":null}}],"line":138},"9":{"loc":{"start":{"line":144,"column":4},"end":{"line":146,"column":null}},"type":"if","locations":[{"start":{"line":144,"column":4},"end":{"line":146,"column":null}},{"start":{},"end":{}}],"line":144},"10":{"loc":{"start":{"line":148,"column":4},"end":{"line":150,"column":null}},"type":"if","locations":[{"start":{"line":148,"column":4},"end":{"line":150,"column":null}},{"start":{},"end":{}}],"line":148},"11":{"loc":{"start":{"line":161,"column":4},"end":{"line":161,"column":null}},"type":"if","locations":[{"start":{"line":161,"column":4},"end":{"line":161,"column":null}},{"start":{},"end":{}}],"line":161},"12":{"loc":{"start":{"line":181,"column":4},"end":{"line":189,"column":null}},"type":"if","locations":[{"start":{"line":181,"column":4},"end":{"line":189,"column":null}},{"start":{"line":183,"column":4},"end":{"line":189,"column":null}}],"line":181},"13":{"loc":{"start":{"line":183,"column":4},"end":{"line":189,"column":null}},"type":"if","locations":[{"start":{"line":183,"column":4},"end":{"line":189,"column":null}},{"start":{"line":185,"column":4},"end":{"line":189,"column":null}}],"line":183},"14":{"loc":{"start":{"line":185,"column":4},"end":{"line":189,"column":null}},"type":"if","locations":[{"start":{"line":185,"column":4},"end":{"line":189,"column":null}},{"start":{"line":187,"column":4},"end":{"line":189,"column":null}}],"line":185},"15":{"loc":{"start":{"line":185,"column":15},"end":{"line":185,"column":84}},"type":"binary-expr","locations":[{"start":{"line":185,"column":15},"end":{"line":185,"column":38}},{"start":{"line":185,"column":38},"end":{"line":185,"column":61}},{"start":{"line":185,"column":61},"end":{"line":185,"column":84}}],"line":185},"16":{"loc":{"start":{"line":187,"column":4},"end":{"line":189,"column":null}},"type":"if","locations":[{"start":{"line":187,"column":4},"end":{"line":189,"column":null}},{"start":{},"end":{}}],"line":187},"17":{"loc":{"start":{"line":187,"column":15},"end":{"line":187,"column":59}},"type":"binary-expr","locations":[{"start":{"line":187,"column":15},"end":{"line":187,"column":38}},{"start":{"line":187,"column":38},"end":{"line":187,"column":59}}],"line":187},"18":{"loc":{"start":{"line":196,"column":8},"end":{"line":198,"column":null}},"type":"if","locations":[{"start":{"line":196,"column":8},"end":{"line":198,"column":null}},{"start":{},"end":{}}],"line":196},"19":{"loc":{"start":{"line":199,"column":8},"end":{"line":204,"column":null}},"type":"if","locations":[{"start":{"line":199,"column":8},"end":{"line":204,"column":null}},{"start":{},"end":{}}],"line":199},"20":{"loc":{"start":{"line":225,"column":14},"end":{"line":227,"column":null}},"type":"cond-expr","locations":[{"start":{"line":226,"column":18},"end":{"line":226,"column":null}},{"start":{"line":227,"column":18},"end":{"line":227,"column":null}}],"line":225},"21":{"loc":{"start":{"line":241,"column":10},"end":{"line":241,"column":null}},"type":"cond-expr","locations":[{"start":{"line":241,"column":23},"end":{"line":241,"column":78}},{"start":{"line":241,"column":78},"end":{"line":241,"column":null}}],"line":241},"22":{"loc":{"start":{"line":243,"column":15},"end":{"line":243,"column":null}},"type":"cond-expr","locations":[{"start":{"line":243,"column":29},"end":{"line":243,"column":62}},{"start":{"line":243,"column":62},"end":{"line":243,"column":null}}],"line":243},"23":{"loc":{"start":{"line":250,"column":9},"end":{"line":366,"column":null}},"type":"binary-expr","locations":[{"start":{"line":250,"column":9},"end":{"line":250,"column":null}},{"start":{"line":251,"column":10},"end":{"line":366,"column":null}}],"line":250},"24":{"loc":{"start":{"line":253,"column":13},"end":{"line":279,"column":null}},"type":"binary-expr","locations":[{"start":{"line":253,"column":13},"end":{"line":253,"column":null}},{"start":{"line":254,"column":14},"end":{"line":279,"column":null}}],"line":253},"25":{"loc":{"start":{"line":285,"column":15},"end":{"line":299,"column":null}},"type":"binary-expr","locations":[{"start":{"line":285,"column":15},"end":{"line":285,"column":null}},{"start":{"line":286,"column":16},"end":{"line":299,"column":null}}],"line":285},"26":{"loc":{"start":{"line":304,"column":19},"end":{"line":361,"column":null}},"type":"cond-expr","locations":[{"start":{"line":305,"column":20},"end":{"line":324,"column":null}},{"start":{"line":326,"column":20},"end":{"line":361,"column":null}}],"line":304},"27":{"loc":{"start":{"line":333,"column":23},"end":{"line":334,"column":null}},"type":"binary-expr","locations":[{"start":{"line":333,"column":23},"end":{"line":333,"column":null}},{"start":{"line":334,"column":24},"end":{"line":334,"column":null}}],"line":333},"28":{"loc":{"start":{"line":336,"column":23},"end":{"line":341,"column":null}},"type":"binary-expr","locations":[{"start":{"line":336,"column":23},"end":{"line":336,"column":null}},{"start":{"line":337,"column":24},"end":{"line":341,"column":null}}],"line":336},"29":{"loc":{"start":{"line":343,"column":23},"end":{"line":348,"column":null}},"type":"binary-expr","locations":[{"start":{"line":343,"column":23},"end":{"line":343,"column":null}},{"start":{"line":344,"column":24},"end":{"line":348,"column":null}}],"line":343},"30":{"loc":{"start":{"line":370,"column":9},"end":{"line":373,"column":null}},"type":"binary-expr","locations":[{"start":{"line":370,"column":9},"end":{"line":370,"column":null}},{"start":{"line":371,"column":10},"end":{"line":373,"column":null}}],"line":370},"31":{"loc":{"start":{"line":377,"column":9},"end":{"line":380,"column":null}},"type":"binary-expr","locations":[{"start":{"line":377,"column":9},"end":{"line":377,"column":null}},{"start":{"line":378,"column":10},"end":{"line":380,"column":null}}],"line":377},"32":{"loc":{"start":{"line":384,"column":9},"end":{"line":387,"column":null}},"type":"binary-expr","locations":[{"start":{"line":384,"column":9},"end":{"line":384,"column":null}},{"start":{"line":385,"column":10},"end":{"line":387,"column":null}}],"line":384},"33":{"loc":{"start":{"line":392,"column":7},"end":{"line":400,"column":null}},"type":"binary-expr","locations":[{"start":{"line":392,"column":7},"end":{"line":392,"column":null}},{"start":{"line":393,"column":8},"end":{"line":400,"column":null}}],"line":392},"34":{"loc":{"start":{"line":404,"column":7},"end":{"line":409,"column":null}},"type":"binary-expr","locations":[{"start":{"line":404,"column":7},"end":{"line":404,"column":null}},{"start":{"line":405,"column":8},"end":{"line":409,"column":null}}],"line":404}},"s":{"0":103,"1":103,"2":103,"3":103,"4":103,"5":103,"6":103,"7":103,"8":103,"9":103,"10":198,"11":182,"12":16,"13":16,"14":103,"15":10,"16":10,"17":10,"18":9,"19":9,"20":11,"21":9,"22":9,"23":0,"24":103,"25":15,"26":15,"27":15,"28":15,"29":15,"30":103,"31":8,"32":8,"33":8,"34":103,"35":1,"36":0,"37":1,"38":1,"39":1,"40":1,"41":1,"42":0,"43":0,"44":0,"45":0,"46":0,"47":0,"48":0,"49":0,"50":0,"51":103,"52":0,"53":0,"54":0,"55":103,"56":0,"57":0,"58":0,"59":103,"60":0,"61":0,"62":0,"63":103,"64":20,"65":20,"66":20,"67":20,"68":20,"69":20,"70":20,"71":0,"72":20,"73":0,"74":20,"75":103,"76":16,"77":103,"78":77,"79":57,"80":20,"81":1,"82":20,"83":1,"84":1,"85":20,"86":20,"87":20,"88":20,"89":103,"90":16,"91":15,"92":1,"93":0,"94":1,"95":0,"96":1,"97":1,"98":16,"99":103,"100":0,"101":0,"102":0,"103":0,"104":0,"105":0,"106":0,"107":0,"108":0,"109":0,"110":103,"111":4,"112":4,"113":103,"114":412,"115":4,"116":1,"117":1,"118":8,"119":30,"120":8,"121":2,"122":1,"123":0,"124":2,"125":0,"126":0},"f":{"0":103,"1":198,"2":10,"3":11,"4":9,"5":15,"6":15,"7":8,"8":8,"9":1,"10":0,"11":0,"12":0,"13":0,"14":20,"15":16,"16":77,"17":1,"18":1,"19":20,"20":16,"21":0,"22":0,"23":0,"24":0,"25":4,"26":4,"27":412,"28":4,"29":1,"30":8,"31":30,"32":8,"33":2,"34":1,"35":0,"36":2,"37":0,"38":0},"b":{"0":[182,16],"1":[16,0],"2":[9,1],"3":[9,0],"4":[0,1],"5":[1,0],"6":[0,0],"7":[0,0],"8":[2,18],"9":[0,20],"10":[0,20],"11":[57,20],"12":[15,1],"13":[0,1],"14":[0,1],"15":[1,0,0],"16":[1,0],"17":[1,1],"18":[0,0],"19":[0,0],"20":[103,309],"21":[0,103],"22":[103,0],"23":[103,99],"24":[99,8],"25":[99,71],"26":[19,11],"27":[11,7],"28":[11,2],"29":[11,2],"30":[103,2],"31":[103,1],"32":[103,1],"33":[103,20],"34":[103,0]},"meta":{"lastBranch":35,"lastFunction":39,"lastStatement":127,"seen":{"f:17:24:17:39":0,"s:18:34:18:Infinity":0,"s:19:40:19:Infinity":1,"s:20:34:20:Infinity":2,"s:21:34:21:Infinity":3,"s:22:32:22:Infinity":4,"s:23:36:23:Infinity":5,"s:24:38:24:Infinity":6,"s:25:8:25:Infinity":7,"s:27:15:32:Infinity":8,"s:35:26:40:Infinity":9,"f:35:26:35:45":1,"b:36:4:36:Infinity:undefined:undefined:undefined:undefined":0,"s:36:4:36:Infinity":10,"s:36:24:36:Infinity":11,"s:38:10:38:Infinity":12,"s:39:4:39:Infinity":13,"b:39:20:39:38:39:38:39:Infinity":1,"s:42:25:69:Infinity":14,"f:42:25:42:37":2,"s:43:4:68:Infinity":15,"s:44:23:52:Infinity":16,"b:54:6:65:Infinity:undefined:undefined:undefined:undefined":2,"s:54:6:65:Infinity":17,"s:55:22:55:Infinity":18,"b:55:48:55:59:55:59:55:Infinity":3,"s:56:38:62:Infinity":19,"f:56:48:56:49":3,"s:56:63:62:10":20,"s:64:8:64:Infinity":21,"f:64:22:64:30":4,"s:64:22:64:77":22,"s:67:6:67:Infinity":23,"s:71:29:81:Infinity":24,"f:71:29:71:35":5,"s:72:22:72:Infinity":25,"s:73:23:73:Infinity":26,"s:74:35:79:Infinity":27,"s:80:4:80:Infinity":28,"f:80:18:80:26":6,"s:80:18:80:76":29,"s:83:27:86:Infinity":30,"f:83:27:83:28":7,"s:84:4:84:Infinity":31,"s:85:4:85:Infinity":32,"f:85:18:85:26":8,"s:85:26:85:47":33,"s:88:23:111:Infinity":34,"f:88:23:88:29":9,"b:89:4:89:Infinity:undefined:undefined:undefined:undefined":4,"s:89:4:89:Infinity":35,"s:89:33:89:Infinity":36,"s:91:20:91:Infinity":37,"s:92:4:92:Infinity":38,"s:93:4:93:Infinity":39,"b:95:4:110:Infinity:97:11:110:Infinity":5,"s:95:4:110:Infinity":40,"s:96:6:96:Infinity":41,"s:99:18:99:Infinity":42,"s:100:36:100:Infinity":43,"s:102:6:108:Infinity":44,"s:103:23:103:Infinity":45,"f:103:34:103:42":10,"s:103:42:103:90":46,"b:103:42:103:68:103:68:103:90":6,"b:104:8:107:Infinity:undefined:undefined:undefined:undefined":7,"s:104:8:107:Infinity":47,"s:105:10:105:Infinity":48,"s:106:10:106:Infinity":49,"s:109:6:109:Infinity":50,"s:113:25:117:Infinity":51,"f:113:25:113:26":11,"s:114:4:114:Infinity":52,"s:115:4:115:Infinity":53,"s:116:4:116:Infinity":54,"s:119:26:123:Infinity":55,"f:119:26:119:27":12,"s:120:4:120:Infinity":56,"s:121:4:121:Infinity":57,"s:122:4:122:Infinity":58,"s:125:21:130:Infinity":59,"f:125:21:125:22":13,"s:126:4:126:Infinity":60,"s:127:4:127:Infinity":61,"s:128:4:128:Infinity":62,"s:132:28:153:Infinity":63,"f:132:28:132:29":14,"s:133:4:133:Infinity":64,"s:134:4:134:Infinity":65,"s:137:22:137:Infinity":66,"s:138:23:138:Infinity":67,"b:138:32:138:38:138:38:138:Infinity":8,"s:141:12:141:Infinity":68,"s:142:12:142:Infinity":69,"b:144:4:146:Infinity:undefined:undefined:undefined:undefined":9,"s:144:4:146:Infinity":70,"s:145:6:145:Infinity":71,"b:148:4:150:Infinity:undefined:undefined:undefined:undefined":10,"s:148:4:150:Infinity":72,"s:149:6:149:Infinity":73,"s:152:4:152:Infinity":74,"s:155:33:157:Infinity":75,"f:155:33:155:39":15,"s:156:4:156:Infinity":76,"s:160:2:178:Infinity":77,"f:160:12:160:18":16,"b:161:4:161:Infinity:undefined:undefined:undefined:undefined":11,"s:161:4:161:Infinity":78,"s:161:22:161:Infinity":79,"s:163:31:165:Infinity":80,"f:163:31:163:32":17,"s:164:6:164:Infinity":81,"s:168:18:171:Infinity":82,"f:168:29:168:35":18,"s:169:6:169:Infinity":83,"s:170:6:170:Infinity":84,"s:173:4:177:Infinity":85,"f:173:11:173:17":19,"s:174:6:174:Infinity":86,"s:175:6:175:Infinity":87,"s:176:6:176:Infinity":88,"s:180:34:191:Infinity":89,"f:180:34:180:35":20,"b:181:4:189:Infinity:183:4:189:Infinity":12,"s:181:4:189:Infinity":90,"s:182:6:182:Infinity":91,"b:183:4:189:Infinity:185:4:189:Infinity":13,"s:183:4:189:Infinity":92,"s:184:6:184:Infinity":93,"b:185:4:189:Infinity:187:4:189:Infinity":14,"s:185:4:189:Infinity":94,"b:185:15:185:38:185:38:185:61:185:61:185:84":15,"s:186:6:186:Infinity":95,"b:187:4:189:Infinity:undefined:undefined:undefined:undefined":16,"s:187:4:189:Infinity":96,"b:187:15:187:38:187:38:187:59":17,"s:188:6:188:Infinity":97,"s:190:4:190:Infinity":98,"s:193:27:211:Infinity":99,"f:193:27:193:28":21,"s:194:27:207:Infinity":100,"f:194:27:194:28":22,"s:195:6:206:Infinity":101,"f:195:23:195:31":23,"b:196:8:198:Infinity:undefined:undefined:undefined:undefined":18,"s:196:8:198:Infinity":102,"s:197:10:197:Infinity":103,"b:199:8:204:Infinity:undefined:undefined:undefined:undefined":19,"s:199:8:204:Infinity":104,"s:200:10:203:Infinity":105,"s:205:8:205:Infinity":106,"s:209:4:209:Infinity":107,"f:209:18:209:26":24,"s:209:26:209:46":108,"s:210:4:210:Infinity":109,"s:213:27:215:Infinity":110,"f:213:27:213:28":25,"s:214:4:214:Infinity":111,"f:214:18:214:26":26,"s:214:18:214:56":112,"s:217:2:411:Infinity":113,"f:220:18:220:19":27,"s:221:10:234:Infinity":114,"f:223:21:223:27":28,"s:223:27:223:Infinity":115,"b:226:18:226:Infinity:227:18:227:Infinity":20,"b:241:23:241:78:241:78:241:Infinity":21,"b:243:29:243:62:243:62:243:Infinity":22,"b:250:9:250:Infinity:251:10:366:Infinity":23,"b:253:13:253:Infinity:254:14:279:Infinity":24,"f:265:27:265:33":29,"s:266:20:266:Infinity":116,"s:267:20:267:Infinity":117,"f:273:32:273:33":30,"s:274:18:277:Infinity":118,"b:285:15:285:Infinity:286:16:299:Infinity":25,"f:302:37:302:38":31,"s:303:16:363:Infinity":119,"b:305:20:324:Infinity:326:20:361:Infinity":26,"f:307:37:307:43":32,"s:307:43:307:Infinity":120,"f:308:37:308:38":33,"s:308:44:308:Infinity":121,"f:317:33:317:39":34,"s:317:39:317:Infinity":122,"f:329:35:329:36":35,"s:330:24:330:Infinity":123,"b:333:23:333:Infinity:334:24:334:Infinity":27,"b:336:23:336:Infinity:337:24:341:Infinity":28,"b:343:23:343:Infinity:344:24:348:Infinity":29,"f:354:33:354:39":36,"s:354:39:354:Infinity":124,"b:370:9:370:Infinity:371:10:373:Infinity":30,"b:377:9:377:Infinity:378:10:380:Infinity":31,"b:384:9:384:Infinity:385:10:387:Infinity":32,"b:392:7:392:Infinity:393:8:400:Infinity":33,"b:404:7:404:Infinity:405:8:409:Infinity":34,"f:407:21:407:22":37,"s:407:34:407:Infinity":125,"f:408:20:408:26":38,"s:408:26:408:Infinity":126}}}
,"/Users/nwyzx/Desktop/project/frontend/video-editor/src/components/RenameDialog.tsx": {"path":"/Users/nwyzx/Desktop/project/frontend/video-editor/src/components/RenameDialog.tsx","statementMap":{"0":{"start":{"line":10,"column":28},"end":{"line":10,"column":null}},"1":{"start":{"line":11,"column":8},"end":{"line":11,"column":null}},"2":{"start":{"line":13,"column":2},"end":{"line":19,"column":null}},"3":{"start":{"line":15,"column":4},"end":{"line":18,"column":null}},"4":{"start":{"line":16,"column":6},"end":{"line":16,"column":null}},"5":{"start":{"line":17,"column":6},"end":{"line":17,"column":null}},"6":{"start":{"line":21,"column":23},"end":{"line":26,"column":null}},"7":{"start":{"line":22,"column":4},"end":{"line":22,"column":null}},"8":{"start":{"line":23,"column":4},"end":{"line":25,"column":null}},"9":{"start":{"line":24,"column":6},"end":{"line":24,"column":null}},"10":{"start":{"line":28,"column":24},"end":{"line":32,"column":null}},"11":{"start":{"line":29,"column":4},"end":{"line":31,"column":null}},"12":{"start":{"line":30,"column":6},"end":{"line":30,"column":null}},"13":{"start":{"line":34,"column":2},"end":{"line":71,"column":null}},"14":{"start":{"line":41,"column":24},"end":{"line":41,"column":null}},"15":{"start":{"line":49,"column":29},"end":{"line":49,"column":null}}},"fnMap":{"0":{"name":"RenameDialog","decl":{"start":{"line":9,"column":24},"end":{"line":9,"column":37}},"loc":{"start":{"line":9,"column":90},"end":{"line":73,"column":null}},"line":9},"1":{"name":"(anonymous_1)","decl":{"start":{"line":13,"column":12},"end":{"line":13,"column":18}},"loc":{"start":{"line":13,"column":18},"end":{"line":19,"column":5}},"line":13},"2":{"name":"(anonymous_2)","decl":{"start":{"line":21,"column":23},"end":{"line":21,"column":24}},"loc":{"start":{"line":21,"column":47},"end":{"line":26,"column":null}},"line":21},"3":{"name":"(anonymous_3)","decl":{"start":{"line":28,"column":24},"end":{"line":28,"column":25}},"loc":{"start":{"line":28,"column":52},"end":{"line":32,"column":null}},"line":28},"4":{"name":"(anonymous_4)","decl":{"start":{"line":41,"column":17},"end":{"line":41,"column":18}},"loc":{"start":{"line":41,"column":24},"end":{"line":41,"column":null}},"line":41},"5":{"name":"(anonymous_5)","decl":{"start":{"line":49,"column":22},"end":{"line":49,"column":23}},"loc":{"start":{"line":49,"column":29},"end":{"line":49,"column":null}},"line":49}},"branchMap":{"0":{"loc":{"start":{"line":15,"column":4},"end":{"line":18,"column":null}},"type":"if","locations":[{"start":{"line":15,"column":4},"end":{"line":18,"column":null}},{"start":{},"end":{}}],"line":15},"1":{"loc":{"start":{"line":23,"column":4},"end":{"line":25,"column":null}},"type":"if","locations":[{"start":{"line":23,"column":4},"end":{"line":25,"column":null}},{"start":{},"end":{}}],"line":23},"2":{"loc":{"start":{"line":29,"column":4},"end":{"line":31,"column":null}},"type":"if","locations":[{"start":{"line":29,"column":4},"end":{"line":31,"column":null}},{"start":{},"end":{}}],"line":29}},"s":{"0":91,"1":91,"2":91,"3":32,"4":32,"5":32,"6":91,"7":11,"8":11,"9":6,"10":91,"11":56,"12":3,"13":91,"14":25,"15":59},"f":{"0":91,"1":32,"2":11,"3":56,"4":25,"5":59},"b":{"0":[32,0],"1":[6,5],"2":[3,53]},"meta":{"lastBranch":3,"lastFunction":6,"lastStatement":16,"seen":{"f:9:24:9:37":0,"s:10:28:10:Infinity":0,"s:11:8:11:Infinity":1,"s:13:2:19:Infinity":2,"f:13:12:13:18":1,"b:15:4:18:Infinity:undefined:undefined:undefined:undefined":0,"s:15:4:18:Infinity":3,"s:16:6:16:Infinity":4,"s:17:6:17:Infinity":5,"s:21:23:26:Infinity":6,"f:21:23:21:24":2,"s:22:4:22:Infinity":7,"b:23:4:25:Infinity:undefined:undefined:undefined:undefined":1,"s:23:4:25:Infinity":8,"s:24:6:24:Infinity":9,"s:28:24:32:Infinity":10,"f:28:24:28:25":3,"b:29:4:31:Infinity:undefined:undefined:undefined:undefined":2,"s:29:4:31:Infinity":11,"s:30:6:30:Infinity":12,"s:34:2:71:Infinity":13,"f:41:17:41:18":4,"s:41:24:41:Infinity":14,"f:49:22:49:23":5,"s:49:29:49:Infinity":15}}}
,"/Users/nwyzx/Desktop/project/frontend/video-editor/src/constants/media.ts": {"path":"/Users/nwyzx/Desktop/project/frontend/video-editor/src/constants/media.ts","statementMap":{"0":{"start":{"line":2,"column":32},"end":{"line":6,"column":null}},"1":{"start":{"line":9,"column":44},"end":{"line":13,"column":null}}},"fnMap":{},"branchMap":{},"s":{"0":2,"1":2},"f":{},"b":{},"meta":{"lastBranch":0,"lastFunction":0,"lastStatement":2,"seen":{"s:2:32:6:Infinity":0,"s:9:44:13:Infinity":1}}}
,"/Users/nwyzx/Desktop/project/frontend/video-editor/src/hooks/useMediaFile.ts": {"path":"/Users/nwyzx/Desktop/project/frontend/video-editor/src/hooks/useMediaFile.ts","statementMap":{"0":{"start":{"line":6,"column":27},"end":{"line":14,"column":null}},"1":{"start":{"line":7,"column":14},"end":{"line":7,"column":null}},"2":{"start":{"line":9,"column":2},"end":{"line":9,"column":null}},"3":{"start":{"line":9,"column":67},"end":{"line":9,"column":null}},"4":{"start":{"line":10,"column":2},"end":{"line":10,"column":null}},"5":{"start":{"line":10,"column":67},"end":{"line":10,"column":null}},"6":{"start":{"line":11,"column":2},"end":{"line":11,"column":null}},"7":{"start":{"line":11,"column":67},"end":{"line":11,"column":null}},"8":{"start":{"line":13,"column":2},"end":{"line":13,"column":null}},"9":{"start":{"line":19,"column":27},"end":{"line":28,"column":null}},"10":{"start":{"line":20,"column":2},"end":{"line":20,"column":null}},"11":{"start":{"line":20,"column":13},"end":{"line":20,"column":null}},"12":{"start":{"line":23,"column":21},"end":{"line":23,"column":null}},"13":{"start":{"line":24,"column":16},"end":{"line":24,"column":null}},"14":{"start":{"line":25,"column":19},"end":{"line":25,"column":null}},"15":{"start":{"line":27,"column":2},"end":{"line":27,"column":null}}},"fnMap":{"0":{"name":"(anonymous_0)","decl":{"start":{"line":6,"column":27},"end":{"line":6,"column":28}},"loc":{"start":{"line":6,"column":56},"end":{"line":14,"column":null}},"line":6},"1":{"name":"(anonymous_1)","decl":{"start":{"line":19,"column":27},"end":{"line":19,"column":28}},"loc":{"start":{"line":19,"column":53},"end":{"line":28,"column":null}},"line":19}},"branchMap":{"0":{"loc":{"start":{"line":7,"column":14},"end":{"line":7,"column":null}},"type":"binary-expr","locations":[{"start":{"line":7,"column":14},"end":{"line":7,"column":54}},{"start":{"line":7,"column":54},"end":{"line":7,"column":null}}],"line":7},"1":{"loc":{"start":{"line":9,"column":2},"end":{"line":9,"column":null}},"type":"if","locations":[{"start":{"line":9,"column":2},"end":{"line":9,"column":null}},{"start":{},"end":{}}],"line":9},"2":{"loc":{"start":{"line":10,"column":2},"end":{"line":10,"column":null}},"type":"if","locations":[{"start":{"line":10,"column":2},"end":{"line":10,"column":null}},{"start":{},"end":{}}],"line":10},"3":{"loc":{"start":{"line":11,"column":2},"end":{"line":11,"column":null}},"type":"if","locations":[{"start":{"line":11,"column":2},"end":{"line":11,"column":null}},{"start":{},"end":{}}],"line":11},"4":{"loc":{"start":{"line":20,"column":2},"end":{"line":20,"column":null}},"type":"if","locations":[{"start":{"line":20,"column":2},"end":{"line":20,"column":null}},{"start":{},"end":{}}],"line":20},"5":{"loc":{"start":{"line":27,"column":9},"end":{"line":27,"column":null}},"type":"binary-expr","locations":[{"start":{"line":27,"column":9},"end":{"line":27,"column":21}},{"start":{"line":27,"column":21},"end":{"line":27,"column":null}}],"line":27}},"s":{"0":2,"1":41,"2":41,"3":15,"4":26,"5":9,"6":17,"7":11,"8":6,"9":2,"10":22,"11":1,"12":21,"13":21,"14":21,"15":21},"f":{"0":41,"1":22},"b":{"0":[41,2],"1":[15,26],"2":[9,17],"3":[11,6],"4":[1,21],"5":[21,1]},"meta":{"lastBranch":6,"lastFunction":2,"lastStatement":16,"seen":{"s:6:27:14:Infinity":0,"f:6:27:6:28":0,"s:7:14:7:Infinity":1,"b:7:14:7:54:7:54:7:Infinity":0,"b:9:2:9:Infinity:undefined:undefined:undefined:undefined":1,"s:9:2:9:Infinity":2,"s:9:67:9:Infinity":3,"b:10:2:10:Infinity:undefined:undefined:undefined:undefined":2,"s:10:2:10:Infinity":4,"s:10:67:10:Infinity":5,"b:11:2:11:Infinity:undefined:undefined:undefined:undefined":3,"s:11:2:11:Infinity":6,"s:11:67:11:Infinity":7,"s:13:2:13:Infinity":8,"s:19:27:28:Infinity":9,"f:19:27:19:28":1,"b:20:2:20:Infinity:undefined:undefined:undefined:undefined":4,"s:20:2:20:Infinity":10,"s:20:13:20:Infinity":11,"s:23:21:23:Infinity":12,"s:24:16:24:Infinity":13,"s:25:19:25:Infinity":14,"s:27:2:27:Infinity":15,"b:27:9:27:21:27:21:27:Infinity":5}}}
,"/Users/nwyzx/Desktop/project/frontend/video-editor/src/utils/mediaOperations.ts": {"path":"/Users/nwyzx/Desktop/project/frontend/video-editor/src/utils/mediaOperations.ts","statementMap":{"0":{"start":{"line":23,"column":26},"end":{"line":34,"column":null}},"1":{"start":{"line":24,"column":2},"end":{"line":32,"column":null}},"2":{"start":{"line":25,"column":4},"end":{"line":27,"column":null}},"3":{"start":{"line":26,"column":6},"end":{"line":26,"column":null}},"4":{"start":{"line":28,"column":4},"end":{"line":31,"column":null}},"5":{"start":{"line":29,"column":20},"end":{"line":29,"column":null}},"6":{"start":{"line":30,"column":6},"end":{"line":30,"column":null}},"7":{"start":{"line":30,"column":17},"end":{"line":30,"column":null}},"8":{"start":{"line":33,"column":2},"end":{"line":33,"column":null}},"9":{"start":{"line":39,"column":32},"end":{"line":68,"column":null}},"10":{"start":{"line":44,"column":2},"end":{"line":46,"column":null}},"11":{"start":{"line":45,"column":4},"end":{"line":45,"column":null}},"12":{"start":{"line":48,"column":2},"end":{"line":67,"column":null}},"13":{"start":{"line":49,"column":4},"end":{"line":54,"column":null}},"14":{"start":{"line":50,"column":6},"end":{"line":53,"column":null}},"15":{"start":{"line":55,"column":4},"end":{"line":65,"column":null}},"16":{"start":{"line":56,"column":30},"end":{"line":60,"column":null}},"17":{"start":{"line":61,"column":6},"end":{"line":64,"column":null}},"18":{"start":{"line":66,"column":4},"end":{"line":66,"column":null}},"19":{"start":{"line":73,"column":36},"end":{"line":88,"column":null}},"20":{"start":{"line":77,"column":2},"end":{"line":87,"column":null}},"21":{"start":{"line":78,"column":22},"end":{"line":78,"column":40}},"22":{"start":{"line":80,"column":6},"end":{"line":85,"column":null}},"23":{"start":{"line":81,"column":8},"end":{"line":84,"column":null}},"24":{"start":{"line":86,"column":6},"end":{"line":86,"column":null}}},"fnMap":{"0":{"name":"(anonymous_0)","decl":{"start":{"line":23,"column":26},"end":{"line":23,"column":27}},"loc":{"start":{"line":23,"column":88},"end":{"line":34,"column":null}},"line":23},"1":{"name":"(anonymous_1)","decl":{"start":{"line":39,"column":32},"end":{"line":39,"column":null}},"loc":{"start":{"line":43,"column":18},"end":{"line":68,"column":null}},"line":43},"2":{"name":"(anonymous_2)","decl":{"start":{"line":48,"column":19},"end":{"line":48,"column":20}},"loc":{"start":{"line":48,"column":29},"end":{"line":67,"column":3}},"line":48},"3":{"name":"(anonymous_3)","decl":{"start":{"line":73,"column":36},"end":{"line":73,"column":null}},"loc":{"start":{"line":76,"column":18},"end":{"line":88,"column":null}},"line":76},"4":{"name":"(anonymous_4)","decl":{"start":{"line":78,"column":12},"end":{"line":78,"column":13}},"loc":{"start":{"line":78,"column":22},"end":{"line":78,"column":40}},"line":78},"5":{"name":"(anonymous_5)","decl":{"start":{"line":79,"column":9},"end":{"line":79,"column":10}},"loc":{"start":{"line":79,"column":19},"end":{"line":87,"column":5}},"line":79}},"branchMap":{"0":{"loc":{"start":{"line":25,"column":4},"end":{"line":27,"column":null}},"type":"if","locations":[{"start":{"line":25,"column":4},"end":{"line":27,"column":null}},{"start":{},"end":{}}],"line":25},"1":{"loc":{"start":{"line":25,"column":8},"end":{"line":25,"column":56}},"type":"binary-expr","locations":[{"start":{"line":25,"column":8},"end":{"line":25,"column":32}},{"start":{"line":25,"column":32},"end":{"line":25,"column":56}}],"line":25},"2":{"loc":{"start":{"line":28,"column":4},"end":{"line":31,"column":null}},"type":"if","locations":[{"start":{"line":28,"column":4},"end":{"line":31,"column":null}},{"start":{},"end":{}}],"line":28},"3":{"loc":{"start":{"line":30,"column":6},"end":{"line":30,"column":null}},"type":"if","locations":[{"start":{"line":30,"column":6},"end":{"line":30,"column":null}},{"start":{},"end":{}}],"line":30},"4":{"loc":{"start":{"line":44,"column":2},"end":{"line":46,"column":null}},"type":"if","locations":[{"start":{"line":44,"column":2},"end":{"line":46,"column":null}},{"start":{},"end":{}}],"line":44},"5":{"loc":{"start":{"line":49,"column":4},"end":{"line":54,"column":null}},"type":"if","locations":[{"start":{"line":49,"column":4},"end":{"line":54,"column":null}},{"start":{},"end":{}}],"line":49},"6":{"loc":{"start":{"line":49,"column":8},"end":{"line":49,"column":56}},"type":"binary-expr","locations":[{"start":{"line":49,"column":8},"end":{"line":49,"column":32}},{"start":{"line":49,"column":32},"end":{"line":49,"column":56}}],"line":49},"7":{"loc":{"start":{"line":55,"column":4},"end":{"line":65,"column":null}},"type":"if","locations":[{"start":{"line":55,"column":4},"end":{"line":65,"column":null}},{"start":{},"end":{}}],"line":55},"8":{"loc":{"start":{"line":80,"column":6},"end":{"line":85,"column":null}},"type":"if","locations":[{"start":{"line":80,"column":6},"end":{"line":85,"column":null}},{"start":{},"end":{}}],"line":80}},"s":{"0":2,"1":23,"2":22,"3":19,"4":3,"5":3,"6":3,"7":3,"8":1,"9":2,"10":29,"11":26,"12":3,"13":3,"14":2,"15":1,"16":1,"17":1,"18":0,"19":2,"20":11,"21":11,"22":4,"23":3,"24":1},"f":{"0":23,"1":29,"2":3,"3":11,"4":11,"5":4},"b":{"0":[19,3],"1":[22,19],"2":[3,0],"3":[3,0],"4":[26,3],"5":[2,1],"6":[3,2],"7":[1,0],"8":[3,1]},"meta":{"lastBranch":9,"lastFunction":6,"lastStatement":25,"seen":{"s:23:26:34:Infinity":0,"f:23:26:23:27":0,"s:24:2:32:Infinity":1,"b:25:4:27:Infinity:undefined:undefined:undefined:undefined":0,"s:25:4:27:Infinity":2,"b:25:8:25:32:25:32:25:56":1,"s:26:6:26:Infinity":3,"b:28:4:31:Infinity:undefined:undefined:undefined:undefined":2,"s:28:4:31:Infinity":4,"s:29:20:29:Infinity":5,"b:30:6:30:Infinity:undefined:undefined:undefined:undefined":3,"s:30:6:30:Infinity":6,"s:30:17:30:Infinity":7,"s:33:2:33:Infinity":8,"s:39:32:68:Infinity":9,"f:39:32:39:Infinity":1,"b:44:2:46:Infinity:undefined:undefined:undefined:undefined":4,"s:44:2:46:Infinity":10,"s:45:4:45:Infinity":11,"s:48:2:67:Infinity":12,"f:48:19:48:20":2,"b:49:4:54:Infinity:undefined:undefined:undefined:undefined":5,"s:49:4:54:Infinity":13,"b:49:8:49:32:49:32:49:56":6,"s:50:6:53:Infinity":14,"b:55:4:65:Infinity:undefined:undefined:undefined:undefined":7,"s:55:4:65:Infinity":15,"s:56:30:60:Infinity":16,"s:61:6:64:Infinity":17,"s:66:4:66:Infinity":18,"s:73:36:88:Infinity":19,"f:73:36:73:Infinity":3,"s:77:2:87:Infinity":20,"f:78:12:78:13":4,"s:78:22:78:40":21,"f:79:9:79:10":5,"b:80:6:85:Infinity:undefined:undefined:undefined:undefined":8,"s:80:6:85:Infinity":22,"s:81:8:84:Infinity":23,"s:86:6:86:Infinity":24}}}
,"/Users/nwyzx/Desktop/project/frontend/video-editor/test/utils/testDataGenerators.ts": {"path":"/Users/nwyzx/Desktop/project/frontend/video-editor/test/utils/testDataGenerators.ts","statementMap":{"0":{"start":{"line":7,"column":13},"end":{"line":7,"column":null}},"1":{"start":{"line":8,"column":15},"end":{"line":8,"column":null}},"2":{"start":{"line":9,"column":15},"end":{"line":9,"column":null}},"3":{"start":{"line":11,"column":2},"end":{"line":18,"column":null}},"4":{"start":{"line":25,"column":13},"end":{"line":25,"column":null}},"5":{"start":{"line":26,"column":15},"end":{"line":26,"column":null}},"6":{"start":{"line":28,"column":2},"end":{"line":34,"column":null}},"7":{"start":{"line":41,"column":2},"end":{"line":46,"column":null}},"8":{"start":{"line":42,"column":4},"end":{"line":45,"column":null}},"9":{"start":{"line":53,"column":20},"end":{"line":53,"column":null}},"10":{"start":{"line":54,"column":22},"end":{"line":57,"column":null}},"11":{"start":{"line":58,"column":23},"end":{"line":61,"column":null}},"12":{"start":{"line":63,"column":2},"end":{"line":63,"column":null}}},"fnMap":{"0":{"name":"createTestMediaFile","decl":{"start":{"line":6,"column":16},"end":{"line":6,"column":36}},"loc":{"start":{"line":6,"column":79},"end":{"line":19,"column":null}},"line":6},"1":{"name":"createTestMediaFolder","decl":{"start":{"line":24,"column":16},"end":{"line":24,"column":38}},"loc":{"start":{"line":24,"column":85},"end":{"line":35,"column":null}},"line":24},"2":{"name":"createTestMediaFiles","decl":{"start":{"line":40,"column":16},"end":{"line":40,"column":37}},"loc":{"start":{"line":40,"column":101},"end":{"line":47,"column":null}},"line":40},"3":{"name":"(anonymous_3)","decl":{"start":{"line":41,"column":39},"end":{"line":41,"column":40}},"loc":{"start":{"line":42,"column":4},"end":{"line":45,"column":null}},"line":42},"4":{"name":"createNestedFolderStructure","decl":{"start":{"line":52,"column":16},"end":{"line":52,"column":59}},"loc":{"start":{"line":52,"column":59},"end":{"line":64,"column":null}},"line":52}},"branchMap":{"0":{"loc":{"start":{"line":7,"column":13},"end":{"line":7,"column":null}},"type":"binary-expr","locations":[{"start":{"line":7,"column":13},"end":{"line":7,"column":30}},{"start":{"line":7,"column":30},"end":{"line":7,"column":null}}],"line":7},"1":{"loc":{"start":{"line":8,"column":15},"end":{"line":8,"column":null}},"type":"binary-expr","locations":[{"start":{"line":8,"column":15},"end":{"line":8,"column":34}},{"start":{"line":8,"column":34},"end":{"line":8,"column":null}}],"line":8},"2":{"loc":{"start":{"line":9,"column":15},"end":{"line":9,"column":null}},"type":"binary-expr","locations":[{"start":{"line":9,"column":15},"end":{"line":9,"column":34}},{"start":{"line":9,"column":34},"end":{"line":9,"column":null}}],"line":9},"3":{"loc":{"start":{"line":14,"column":10},"end":{"line":14,"column":null}},"type":"binary-expr","locations":[{"start":{"line":14,"column":10},"end":{"line":14,"column":29}},{"start":{"line":14,"column":29},"end":{"line":14,"column":null}}],"line":14},"4":{"loc":{"start":{"line":15,"column":9},"end":{"line":15,"column":null}},"type":"binary-expr","locations":[{"start":{"line":15,"column":9},"end":{"line":15,"column":27}},{"start":{"line":15,"column":27},"end":{"line":15,"column":null}}],"line":15},"5":{"loc":{"start":{"line":25,"column":13},"end":{"line":25,"column":null}},"type":"binary-expr","locations":[{"start":{"line":25,"column":13},"end":{"line":25,"column":30}},{"start":{"line":25,"column":30},"end":{"line":25,"column":null}}],"line":25},"6":{"loc":{"start":{"line":26,"column":15},"end":{"line":26,"column":null}},"type":"binary-expr","locations":[{"start":{"line":26,"column":15},"end":{"line":26,"column":34}},{"start":{"line":26,"column":34},"end":{"line":26,"column":null}}],"line":26},"7":{"loc":{"start":{"line":32,"column":14},"end":{"line":32,"column":null}},"type":"binary-expr","locations":[{"start":{"line":32,"column":14},"end":{"line":32,"column":37}},{"start":{"line":32,"column":37},"end":{"line":32,"column":null}}],"line":32},"8":{"loc":{"start":{"line":44,"column":12},"end":{"line":44,"column":null}},"type":"binary-expr","locations":[{"start":{"line":44,"column":12},"end":{"line":44,"column":35}},{"start":{"line":44,"column":35},"end":{"line":44,"column":null}}],"line":44}},"s":{"0":9,"1":9,"2":9,"3":9,"4":4,"5":4,"6":4,"7":2,"8":5,"9":1,"10":1,"11":1,"12":1},"f":{"0":9,"1":4,"2":2,"3":5,"4":1},"b":{"0":[9,9],"1":[9,2],"2":[9,6],"3":[9,9],"4":[9,9],"5":[4,4],"6":[4,1],"7":[4,1],"8":[5,5]},"meta":{"lastBranch":9,"lastFunction":5,"lastStatement":13,"seen":{"f:6:16:6:36":0,"s:7:13:7:Infinity":0,"b:7:13:7:30:7:30:7:Infinity":0,"s:8:15:8:Infinity":1,"b:8:15:8:34:8:34:8:Infinity":1,"s:9:15:9:Infinity":2,"b:9:15:9:34:9:34:9:Infinity":2,"s:11:2:18:Infinity":3,"b:14:10:14:29:14:29:14:Infinity":3,"b:15:9:15:27:15:27:15:Infinity":4,"f:24:16:24:38":1,"s:25:13:25:Infinity":4,"b:25:13:25:30:25:30:25:Infinity":5,"s:26:15:26:Infinity":5,"b:26:15:26:34:26:34:26:Infinity":6,"s:28:2:34:Infinity":6,"b:32:14:32:37:32:37:32:Infinity":7,"f:40:16:40:37":2,"s:41:2:46:Infinity":7,"f:41:39:41:40":3,"s:42:4:45:Infinity":8,"b:44:12:44:35:44:35:44:Infinity":8,"f:52:16:52:59":4,"s:53:20:53:Infinity":9,"s:54:22:57:Infinity":10,"s:58:23:61:Infinity":11,"s:63:2:63:Infinity":12}}}
,"/Users/nwyzx/Desktop/project/frontend/video-editor/test/utils/testUtils.tsx": {"path":"/Users/nwyzx/Desktop/project/frontend/video-editor/test/utils/testUtils.tsx","statementMap":{"0":{"start":{"line":12,"column":2},"end":{"line":12,"column":null}}},"fnMap":{"0":{"name":"renderWithProviders","decl":{"start":{"line":8,"column":16},"end":{"line":8,"column":null}},"loc":{"start":{"line":11,"column":2},"end":{"line":13,"column":null}},"line":11}},"branchMap":{},"s":{"0":1},"f":{"0":1},"b":{},"meta":{"lastBranch":0,"lastFunction":1,"lastStatement":1,"seen":{"f:8:16:8:Infinity":0,"s:12:2:12:Infinity":0}}}
}
